"../../../../Projects/Martian/Content/Characters/Enemy_Great_Spider/SK_Greater_Spider_Skeleton.uasset" 0
"../../../../Projects/Martian/Content/Characters/Enemy_Great_Spider/Animations/ExoGame_Greater_Spider_Attack_Melee.uasset" 1
"../../../../Projects/Martian/Content/Characters/Enemy_Great_Spider/Animations/ExoGame_Greater_Spider_Attack_Melee_C.uasset" 2
"../../../../Projects/Martian/Content/Characters/Enemy_Great_Spider/Animations/ExoGame_Greater_Spider_Cast_Roar.uasset" 3
"../../../../Projects/Martian/Content/Characters/Enemy_Great_Spider/Animations/ExoGame_Greater_Spider_Cast_Summon.uasset" 4
"../../../../Projects/Martian/Content/Characters/Enemy_Great_Spider/Animations/ExoGame_Greater_Spider_Charge.uasset" 5
"../../../../Projects/Martian/Content/Characters/Enemy_Great_Spider/Animations/ExoGame_Greater_Spider_Falling.uasset" 6
"../../../../Projects/Martian/Content/Characters/Enemy_Great_Spider/Animations/ExoGame_Greater_Spider_React_Heavy_Front.uasset" 7
"../../../../Projects/Martian/Content/Characters/Enemy_Great_Spider/Animations/ExoGame_Greater_Spider_React_Knockback_Front.uasset" 8
"../../../../Projects/Martian/Content/Characters/Enemy_Great_Spider/Animations/ExoGame_Greater_Spider_React_Stunned.uasset" 9
"../../../../Projects/Martian/Content/Characters/Enemy_Great_Spider/Animations/ExoGame_Greater_Spider_React_Stunned_Enter.uasset" 10
"../../../../Projects/Martian/Content/Characters/Enemy_Great_Spider/Animations/ExoGame_Greater_Spider_React_Stunned_Exit.uasset" 11
"../../../../Projects/Martian/Content/Characters/Enemy_Great_Spider/Animations/ExoGame_Greater_Spider_React_Stunned_Idle.uasset" 12
"../../../../Projects/Martian/Content/Characters/Enemy_Great_Spider/Animations/ExoGame_Greater_Spider_Teleport.uasset" 13
"../../../../Projects/Martian/Content/Characters/Enemy_Great_Spider/Animations/ExoGame_Greater_Spider_Walk_Bwd.uasset" 14
"../../../../Projects/Martian/Content/Characters/Enemy_Great_Spider/Animations/ExoGame_Greater_Spider_Walk_Left.uasset" 15
"../../../../Projects/Martian/Content/Characters/Enemy_Great_Spider/Animations/ExoGame_Greater_Spider_Walk_Right.uasset" 16
"../../../../Projects/Martian/Content/Characters/Enemy_Great_Spider/Textures/T_Enemy_GreaterSpider_Fire_M.uasset" 17
"../../../../Projects/Martian/Content/Characters/Enemy_Great_Spider/Textures/T_Enemy_GreaterSpider_Fire_N.uasset" 18
"../../../../Projects/Martian/Content/Characters/Enemy_Great_Spider/Textures/T_Enemy_GreaterSpider_Ice_D.uasset" 19
"../../../../Projects/Martian/Content/Characters/Enemy_Great_Spider/Materials/CharM_Greater_Spider_Ice.uasset" 20
"../../../Engine/Content/EngineMeshes/Humanoid.uasset" 21
"../../../../Projects/Martian/Content/Characters/Marine/Marine_Skeleton.uasset" 22
"../../../../Projects/Martian/Content/Characters/Marine/Animations/Sprint.uasset" 23
"../../../../Projects/Martian/Content/Characters/Marine/Textures/Chr_FPS_N.uasset" 24
"../../../../Projects/Martian/Content/Characters/Marine/Textures/Chr_FPS_M_03tga.uasset" 25
"../../../Engine/Content/Functions/MaterialLayerFunctions/MatLayerBlend_TintAllChannels.uasset" 26
"../../../Engine/Content/Functions/MaterialLayerFunctions/MatLayerBlend_Standard.uasset" 27
"../../../Engine/Content/Functions/Engine_MaterialFunctions02/Utility/BlendAngleCorrectedNormals.uasset" 28
"../../../Engine/Content/Functions/MaterialLayerFunctions/MatLayerBlend_BakedNormal.uasset" 29
"../../../../Projects/Martian/Content/Characters/Marine/Materials/M_BodyDamage.uasset" 30
"../../../../Projects/Martian/Content/Characters/Marine/Textures/Chr_FPS_Fabric_N_01.uasset" 31
"../../../../Projects/Martian/Content/Characters/Marine/Textures/Chr_FPS_Metal_01.uasset" 32
"../../../Engine/Content/Functions/Engine_MaterialFunctions01/Texturing/FlattenNormal.uasset" 33
"../../../../Projects/Martian/Content/Characters/Marine/Textures/Chr_FPS_Metal_02.uasset" 34
"../../../../Projects/Martian/Content/Characters/Marine/Materials/ML_Rubber_light.uasset" 35
"../../../../Projects/Martian/Content/Characters/Marine/Textures/T_Vista_Grass_N.uasset" 36
"../../../../Projects/Martian/Content/Characters/Marine/Materials/ML_Rubber_dark.uasset" 37
"../../../../Projects/Martian/Content/Characters/Marine/Textures/Chr_FPS_M.uasset" 38
"../../../../Projects/Martian/Content/Characters/Marine/Materials/ML_Metal_Painted.uasset" 39
"../../../../Projects/Martian/Content/Characters/Marine/Materials/ML_Metal_light.uasset" 40
"../../../../Projects/Martian/Content/Characters/Marine/Textures/Tiles/T_Sctraches_01.uasset" 41
"../../../../Projects/Martian/Content/Characters/Marine/Materials/ML_Glass.uasset" 42
"../../../../Projects/Martian/Content/Characters/Marine/Textures/Chr_FPS_02_M.uasset" 43
"../../../../Projects/Martian/Content/Characters/Marine/Materials/ML_Emissive_Custom.uasset" 44
"../../../../Projects/Martian/Content/Characters/Marine/Textures/Chr_FPS_D.uasset" 45
"../../../../Projects/Martian/Content/Characters/Marine/Materials/ML_Base.uasset" 46
"../../../../Projects/Martian/Content/Characters/Marine/Materials/M_Marine.uasset" 47
"../../../../Projects/Martian/Content/Characters/Marine/Materials/MI_Marine.uasset" 48
"../../../../Projects/Martian/Content/Effects/Misc/Meshes/Gameplay/Pickups/Ammo.uasset" 49
"../../../../Projects/Martian/Content/Effects/Misc/Materials/Gameplay/Pickups/M_PickUp_Master.uasset" 50
"../../../../Projects/Martian/Content/Effects/Misc/Meshes/General/S_Sphere.uasset" 51
"../../../../Projects/Martian/Content/Effects/Pick-ups/P_AssaultRifle_AMmo.uasset" 52
"../../../../Projects/Martian/Content/Effects/Misc/Textures/LensFlare/Flare_02.uasset" 53
"../../../../Projects/Martian/Content/Effects/Misc/Materials/LensFlare/M_LensFlare_02.uasset" 54
"../../../../Projects/Martian/Content/Effects/Misc/Materials/Ramp/M_radial_ramp_soft.uasset" 55
"../../../../Projects/Martian/Content/Effects/Misc/Textures/Smoke/T_SmokeBall_01_8_8.uasset" 56
"../../../../Projects/Martian/Content/Effects/Misc/Textures/Smoke/T_Clouds_01.uasset" 57
"../../../../Projects/Martian/Content/Effects/Misc/Materials/Smoke/M_ImpactSmoke.uasset" 58
"../../../../Projects/Martian/Content/Effects/Misc/Textures/Water/T_Steam_02_Packed.uasset" 59
"../../../../Projects/Martian/Content/Effects/Misc/Materials/Smoke/M_MuzzleSmokeDetail_GPU.uasset" 60
"../../../../Projects/Martian/Content/Effects/Misc/Textures/Spark/T_SparkCore_2X2.uasset" 61
"../../../../Projects/Martian/Content/Effects/Misc/Materials/spark/M_spark_subUV.uasset" 62
"../../../../Projects/Martian/Content/Effects/Weapons/Impacts/P_CreatureImpact.uasset" 63
"../../../../Projects/Martian/Content/Effects/Misc/Textures/Ramp/T_FX_CameraDistort.uasset" 64
"../../../../Projects/Martian/Content/Effects/Misc/Textures/Ramp/T_FX_ColorDistort.uasset" 65
"../../../../Projects/Martian/Content/Effects/Misc/Textures/Water/T_Caustics_2.uasset" 66
"../../../../Projects/Martian/Content/Effects/Misc/Materials/Weapon/M_WP_Linkgun_Connection.uasset" 67
"../../../../Projects/Martian/Content/Effects/Misc/Textures/Energy/T_EFX_Beam_Electricity_02.uasset" 68
"../../../../Projects/Martian/Content/Effects/Misc/Materials/Weapon/M_WP_ShockRifle_Panning_Beam.uasset" 69
"../../../../Projects/Martian/Content/Effects/Weapons/Muzzle/P_AssaultRifle_Trail.uasset" 70
"../../../../Projects/Martian/Content/Sounds/AmbientLoops/Stereo/RoomTone_AbstractBitcrushed03_Stereo.uasset" 71
"../../../../Projects/Martian/Content/Sounds/AmbientLoops/Stereo/RoomTone_AbstractBitcrushed04_Stereo.uasset" 72
"../../../../Projects/Martian/Content/Sounds/AmbientLoops/Stereo/RoomTone_AbstractBitcrushed05_Stereo.uasset" 73
"../../../../Projects/Martian/Content/Sounds/AmbientLoops/Stereo/WindAnimated_High01_Loop_Stereo.uasset" 74
"../../../../Projects/Martian/Content/Sounds/AmbientLoops/Stereo/WindAnimated_High02_Loop_Stereo.uasset" 75
"../../../../Projects/Martian/Content/Sounds/AmbientLoops/Stereo/WindAnimated_High03_Loop_Stereo.uasset" 76
"../../../../Projects/Martian/Content/Sounds/AmbientLoops/Stereo/WindAnimated_High_Stereo_Cue.uasset" 77
"../../../../Projects/Martian/Content/Sounds/AmbientLoops/Stereo/WindAnimated_Low01_Loop_Stereo.uasset" 78
"../../../../Projects/Martian/Content/Sounds/AmbientLoops/Stereo/WindAnimated_Low02_Loop_Stereo.uasset" 79
"../../../../Projects/Martian/Content/Sounds/AmbientLoops/Stereo/WindAnimated_Low03_Loop_Stereo.uasset" 80
"../../../../Projects/Martian/Content/Sounds/AmbientLoops/Stereo/WindAnimated_Low_Stereo_Cue.uasset" 81
"../../../../Projects/Martian/Content/Sounds/AmbientLoops/Stereo/WindSteady01_Loop_Stereo.uasset" 82
"../../../../Projects/Martian/Content/Sounds/AmbientLoops/Stereo/WindSteady02_Loop_Stereo.uasset" 83
"../../../../Projects/Martian/Content/Sounds/AmbientLoops/Stereo/WindSteady03_Loop_Stereo.uasset" 84
"../../../../Projects/Martian/Content/Sounds/AmbientLoops/Stereo/WindSteady04_Loop_Stereo.uasset" 85
"../../../../Projects/Martian/Content/Sounds/AmbientLoops/Stereo/WindSteady_Loop_Stereo_Cue.uasset" 86
"../../../../Projects/Martian/Content/Sounds/AmbientLoops/Stereo/Wind_Abstract01_Stereo.uasset" 87
"../../../../Projects/Martian/Content/Sounds/AmbientLoops/Stereo/Wind_Abstract02_Stereo.uasset" 88
"../../../../Projects/Martian/Content/Sounds/AmbientLoops/Stereo/Wind_Abstract03_Stereo.uasset" 89
"../../../../Projects/Martian/Content/Sounds/AmbientLoops/Stereo/Wind_Abstract04_Stereo.uasset" 90
"../../../../Projects/Martian/Content/Sounds/AmbientLoops/Stereo/Wind_Abstract05_Stereo.uasset" 91
"../../../../Projects/Martian/Content/Sounds/AmbientLoops/Stereo/Wind_AbstractAnimated_Stereo_Cue.uasset" 92
"../../../../Projects/Martian/Content/Sounds/AmbientNonLoops/Stereo/MetalCreak_Pillars01_Stereo.uasset" 93
"../../../../Projects/Martian/Content/Sounds/AmbientNonLoops/Stereo/MetalCreak_Pillars05_Stereo.uasset" 94
"../../../../Projects/Martian/Content/Sounds/AmbientNonLoops/Stereo/MetalCreak_Pillars15_Stereo.uasset" 95
"../../../../Projects/Martian/Content/Sounds/FoleyBodyMoves/Mono/FoleyBody_BodyMove01.uasset" 96
"../../../../Projects/Martian/Content/Sounds/FoleyBodyMoves/Mono/FoleyBody_BodyMove02.uasset" 97
"../../../../Projects/Martian/Content/Sounds/FoleyBodyMoves/Mono/FoleyBody_BodyMove03.uasset" 98
"../../../../Projects/Martian/Content/Sounds/FoleyBodyMoves/Mono/FoleyBody_BodyMove04.uasset" 99
"../../../../Projects/Martian/Content/Sounds/FoleyBodyMoves/Stereo/FoleyBody_BodyMove01_Stereo.uasset" 100
"../../../../Projects/Martian/Content/Sounds/FoleyBodyMoves/Stereo/FoleyBody_BodyMove02_Stereo.uasset" 101
"../../../../Projects/Martian/Content/Sounds/FoleyBodyMoves/Stereo/FoleyBody_BodyMove03_Stereo.uasset" 102
"../../../../Projects/Martian/Content/Sounds/FoleyBodyMoves/Stereo/FoleyBody_BodyMove04_Stereo.uasset" 103
"../../../../Projects/Martian/Content/Sounds/FoleyBodyMoves/Mono/FoleyBody_Aim_Cue.uasset" 104
"../../../../Projects/Martian/Content/Sounds/FoleyBodyMoves/Mono/FoleyBody_BodyMove_Cue.uasset" 105
"../../../../Projects/Martian/Content/Sounds/FoleyBodyMoves/Mono/FoleyBody_Fall01.uasset" 106
"../../../../Projects/Martian/Content/Sounds/FoleyBodyMoves/Mono/FoleyBody_Fall03.uasset" 107
"../../../../Projects/Martian/Content/Sounds/FoleyBodyMoves/Mono/FoleyBody_Fall04.uasset" 108
"../../../../Projects/Martian/Content/Sounds/FoleyBodyMoves/Mono/FoleyBody_Fall02.uasset" 109
"../../../../Projects/Martian/Content/Sounds/FoleyBodyMoves/Mono/FoleyBody_Fall_Cue.uasset" 110
"../../../../Projects/Martian/Content/Sounds/FoleyBodyMoves/Mono/FoleyBody_HandSwipe01.uasset" 111
"../../../../Projects/Martian/Content/Sounds/FoleyBodyMoves/Mono/FoleyBody_HandSwipe02.uasset" 112
"../../../../Projects/Martian/Content/Sounds/FoleyBodyMoves/Mono/FoleyBody_HandSwipe03.uasset" 113
"../../../../Projects/Martian/Content/Sounds/FoleyBodyMoves/Mono/FoleyBody_HandSwipe04.uasset" 114
"../../../../Projects/Martian/Content/Sounds/FoleyBodyMoves/Mono/FoleyBody_HandSwipe_Cue.uasset" 115
"../../../../Projects/Martian/Content/Sounds/FoleyBodyMoves/Mono/FoleyBody_Land02.uasset" 116
"../../../../Projects/Martian/Content/Sounds/FoleyBodyMoves/Mono/FoleyBody_Land03.uasset" 117
"../../../../Projects/Martian/Content/Sounds/FoleyBodyMoves/Mono/FoleyBody_Land04.uasset" 118
"../../../../Projects/Martian/Content/Sounds/FoleyBodyMoves/Mono/FoleyBody_Land05.uasset" 119
"../../../../Projects/Martian/Content/Sounds/FoleyBodyMoves/Mono/FoleyBody_Land_Cue.uasset" 120
"../../../../Projects/Martian/Content/Sounds/FoleyBodyMoves/Mono/RunStop01.uasset" 121
"../../../../Projects/Martian/Content/Sounds/FoleyBodyMoves/Mono/RunStop02.uasset" 122
"../../../../Projects/Martian/Content/Sounds/FoleyBodyMoves/Mono/RunStop03.uasset" 123
"../../../../Projects/Martian/Content/Sounds/FoleyBodyMoves/Mono/RunStop_Cue.uasset" 124
"../../../../Projects/Martian/Content/Sounds/FoleyBodyMoves/Mono/Run01_Loop.uasset" 125
"../../../../Projects/Martian/Content/Sounds/FoleyBodyMoves/Mono/Run02_Loop.uasset" 126
"../../../../Projects/Martian/Content/Sounds/FoleyBodyMoves/Mono/Run03_Loop.uasset" 127
"../../../../Projects/Martian/Content/Sounds/FoleyBodyMoves/Mono/Run04_Loop.uasset" 128
"../../../../Projects/Martian/Content/Sounds/FoleyBodyMoves/Mono/Run05_Loop.uasset" 129
"../../../../Projects/Martian/Content/Sounds/FoleyBodyMoves/Mono/Run_Loop_Cue.uasset" 130
"../../../../Projects/Martian/Content/Sounds/FoleyBodyMoves/Stereo/FoleyBody_BodyMove_Stereo_Cue.uasset" 131
"../../../../Projects/Martian/Content/Sounds/FoleyBodyMoves/Stereo/FoleyBody_HandSwipe01_Stereo.uasset" 132
"../../../../Projects/Martian/Content/Sounds/FoleyBodyMoves/Stereo/FoleyBody_HandSwipe02_Stereo.uasset" 133
"../../../../Projects/Martian/Content/Sounds/FoleyBodyMoves/Stereo/FoleyBody_HandSwipe03_Stereo.uasset" 134
"../../../../Projects/Martian/Content/Sounds/FoleyBodyMoves/Stereo/FoleyBody_HandSwipe04_Stereo.uasset" 135
"../../../../Projects/Martian/Content/Sounds/FoleyBodyMoves/Stereo/FoleyBody_HandSwipe_Stereo_Cue.uasset" 136
"../../../../Projects/Martian/Content/Sounds/FoleyBodyMoves/Stereo/FoleyBody_Land01_Stereo.uasset" 137
"../../../../Projects/Martian/Content/Sounds/FoleyBodyMoves/Stereo/FoleyBody_Land02_Stereo.uasset" 138
"../../../../Projects/Martian/Content/Sounds/FoleyBodyMoves/Stereo/FoleyBody_Land03_Stereo.uasset" 139
"../../../../Projects/Martian/Content/Sounds/FoleyBodyMoves/Stereo/FoleyBody_Land05_Stereo.uasset" 140
"../../../../Projects/Martian/Content/Sounds/FoleyBodyMoves/Stereo/FoleyBody_Land04_Stereo.uasset" 141
"../../../../Projects/Martian/Content/Sounds/FoleyBodyMoves/Stereo/FoleyBody_Land_Stereo_Cue.uasset" 142
"../../../../Projects/Martian/Content/Sounds/FoleyFlesh/Mono/FoleyFlesh_Impact02.uasset" 143
"../../../../Projects/Martian/Content/Sounds/FoleyFlesh/Mono/FoleyFlesh_Impact05.uasset" 144
"../../../../Projects/Martian/Content/Sounds/FoleyFlesh/Mono/FoleyFlesh_Impact03.uasset" 145
"../../../../Projects/Martian/Content/Sounds/FoleyFlesh/Mono/FoleyFlesh_Impact04.uasset" 146
"../../../../Projects/Martian/Content/Sounds/FoleyFlesh/Stereo/FoleyFlesh_Impact08_Stereo.uasset" 147
"../../../../Projects/Martian/Content/Sounds/FoleyFlesh/Stereo/FoleyFlesh_Impact07_Stereo.uasset" 148
"../../../../Projects/Martian/Content/Sounds/FoleyFlesh/Stereo/FoleyFlesh_Impact06_Stereo.uasset" 149
"../../../../Projects/Martian/Content/Sounds/FoleyFlesh/Stereo/FoleyFlesh_Impact05_Stereo.uasset" 150
"../../../../Projects/Martian/Content/Sounds/FoleyFlesh/Stereo/FoleyFlesh_Impact04_Stereo.uasset" 151
"../../../../Projects/Martian/Content/Sounds/FoleyFlesh/Stereo/FoleyFlesh_Impact03_Stereo.uasset" 152
"../../../../Projects/Martian/Content/Sounds/FoleyFlesh/Stereo/FoleyFlesh_Impact02_Stereo.uasset" 153
"../../../../Projects/Martian/Content/Sounds/FoleyFlesh/Stereo/FoleyFlesh_Impact01_Stereo.uasset" 154
"../../../../Projects/Martian/Content/Sounds/FoleyFlesh/Mono/FoleyFlesh_Impact08.uasset" 155
"../../../../Projects/Martian/Content/Sounds/FoleyFlesh/Mono/FoleyFlesh_Impact07.uasset" 156
"../../../../Projects/Martian/Content/Sounds/FoleyFlesh/Mono/FoleyFlesh_Impact06.uasset" 157
"../../../../Projects/Martian/Content/Sounds/FoleyFlesh/Mono/FoleyFlesh_Impact_Cue.uasset" 158
"../../../../Projects/Martian/Content/Sounds/FoleyFlesh/Stereo/FoleyFlesh_Gib04_Stereo.uasset" 159
"../../../../Projects/Martian/Content/Sounds/FoleyFlesh/Stereo/FoleyFlesh_Gib03_Stereo.uasset" 160
"../../../../Projects/Martian/Content/Sounds/FoleyFlesh/Stereo/FoleyFlesh_Gib02_Stereo.uasset" 161
"../../../../Projects/Martian/Content/Sounds/FoleyFlesh/Stereo/FoleyFlesh_Gib01_Stereo.uasset" 162
"../../../../Projects/Martian/Content/Sounds/FoleyFlesh/Stereo/Cue_CreatureDeath.uasset" 163
"../../../../Projects/Martian/Content/Sounds/Footsteps/Mono/Footstep_Generic12.uasset" 164
"../../../../Projects/Martian/Content/Sounds/Footsteps/Mono/Footstep_Generic11.uasset" 165
"../../../../Projects/Martian/Content/Sounds/Footsteps/Mono/Footstep_Generic10.uasset" 166
"../../../../Projects/Martian/Content/Sounds/Footsteps/Mono/Footstep_Generic09.uasset" 167
"../../../../Projects/Martian/Content/Sounds/Footsteps/Mono/Footstep_Generic08.uasset" 168
"../../../../Projects/Martian/Content/Sounds/Footsteps/Mono/Footstep_Generic07.uasset" 169
"../../../../Projects/Martian/Content/Sounds/Footsteps/Mono/Footstep_Generic06.uasset" 170
"../../../../Projects/Martian/Content/Sounds/Footsteps/Mono/Footstep_Generic05.uasset" 171
"../../../../Projects/Martian/Content/Sounds/Footsteps/Mono/Footstep_Generic04.uasset" 172
"../../../../Projects/Martian/Content/Sounds/Footsteps/Mono/Footstep_Generic03.uasset" 173
"../../../../Projects/Martian/Content/Sounds/Footsteps/Mono/Footstep_Generic02.uasset" 174
"../../../../Projects/Martian/Content/Sounds/Footsteps/Mono/Footstep_Generic01.uasset" 175
"../../../../Projects/Martian/Content/Sounds/Footsteps/Mono/Footsteps_Generic_Cue.uasset" 176
"../../../../Projects/Martian/Content/Sounds/Footsteps/Stereo/Footstep_Generic12_Stereo.uasset" 177
"../../../../Projects/Martian/Content/Sounds/Footsteps/Stereo/Footstep_Generic11_Stereo.uasset" 178
"../../../../Projects/Martian/Content/Sounds/Footsteps/Stereo/Footstep_Generic10_Stereo.uasset" 179
"../../../../Projects/Martian/Content/Sounds/Footsteps/Stereo/Footstep_Generic09_Stereo.uasset" 180
"../../../../Projects/Martian/Content/Sounds/Footsteps/Stereo/Footstep_Generic08_Stereo.uasset" 181
"../../../../Projects/Martian/Content/Sounds/Footsteps/Stereo/Footstep_Generic07_Stereo.uasset" 182
"../../../../Projects/Martian/Content/Sounds/Footsteps/Stereo/Footstep_Generic06_Stereo.uasset" 183
"../../../../Projects/Martian/Content/Sounds/Footsteps/Stereo/Footstep_Generic05_Stereo.uasset" 184
"../../../../Projects/Martian/Content/Sounds/Footsteps/Stereo/Footstep_Generic04_Stereo.uasset" 185
"../../../../Projects/Martian/Content/Sounds/Footsteps/Stereo/Footstep_Generic03_Stereo.uasset" 186
"../../../../Projects/Martian/Content/Sounds/Footsteps/Stereo/Footstep_Generic02_Stereo.uasset" 187
"../../../../Projects/Martian/Content/Sounds/Footsteps/Stereo/Footstep_Generic01_Stereo.uasset" 188
"../../../../Projects/Martian/Content/Sounds/Footsteps/Stereo/Footsteps_Generic_Stereo_Cue.uasset" 189
"../../../../Projects/Martian/Content/Sounds/InterfaceAudio/Stereo/MenuAccept_Stereo.uasset" 190
"../../../../Projects/Martian/Content/Sounds/InterfaceAudio/Stereo/MenuAccept_Stereo_Cue.uasset" 191
"../../../../Projects/Martian/Content/Sounds/InterfaceAudio/Stereo/MenuBack01_Stereo.uasset" 192
"../../../../Projects/Martian/Content/Sounds/InterfaceAudio/Stereo/MenuBack02_Stereo.uasset" 193
"../../../../Projects/Martian/Content/Sounds/InterfaceAudio/Stereo/MenuBack03_Stereo.uasset" 194
"../../../../Projects/Martian/Content/Sounds/InterfaceAudio/Stereo/MenuBack_Stereo_Cue.uasset" 195
"../../../../Projects/Martian/Content/Sounds/InterfaceAudio/Stereo/MenuCursor03_Stereo.uasset" 196
"../../../../Projects/Martian/Content/Sounds/InterfaceAudio/Stereo/MenuCursor04_Stereo.uasset" 197
"../../../../Projects/Martian/Content/Sounds/InterfaceAudio/Stereo/MenuCursor_Sides_Stereo_Cue.uasset" 198
"../../../../Projects/Martian/Content/Sounds/InterfaceAudio/Stereo/MenuCursor02_Stereo.uasset" 199
"../../../../Projects/Martian/Content/Sounds/InterfaceAudio/Stereo/MenuCursor_UpDown_Stereo_Cue.uasset" 200
"../../../../Projects/Martian/Content/Sounds/InterfaceAudio/Stereo/MenuDiscard_Stereo.uasset" 201
"../../../../Projects/Martian/Content/Sounds/InterfaceAudio/Stereo/MenuDiscard_Stereo_Cue.uasset" 202
"../../../../Projects/Martian/Content/Sounds/InterfaceAudio/Stereo/MenuEnter01_Stereo.uasset" 203
"../../../../Projects/Martian/Content/Sounds/InterfaceAudio/Stereo/MenuEnter02_Stereo.uasset" 204
"../../../../Projects/Martian/Content/Sounds/InterfaceAudio/Stereo/MenuEnter03_Stereo.uasset" 205
"../../../../Projects/Martian/Content/Sounds/InterfaceAudio/Stereo/MenuEnter_Stereo_Cue.uasset" 206
"../../../../Projects/Martian/Content/Sounds/InterfaceAudio/Stereo/MenuStart_Stereo.uasset" 207
"../../../../Projects/Martian/Content/Sounds/InterfaceAudio/Stereo/MenuStart_Stereo_Cue.uasset" 208
"../../../../Projects/Martian/Content/Sounds/Stingers/Mono/Stinger_PlayerDeath01.uasset" 209
"../../../../Projects/Martian/Content/Sounds/InterfaceAudio/Stereo/UI_LowHealth_Loop_Stereo.uasset" 210
"../../../../Projects/Martian/Content/Sounds/InterfaceAudio/Stereo/UI_LowHealth_Loop_Stereo_Cue.uasset" 211
"../../../../Projects/Martian/Content/Sounds/Stingers/Stereo/Stinger_PlayerDeath01_Stereo.uasset" 212
"../../../../Projects/Martian/Content/Sounds/InterfaceAudio/Stereo/UI_PlayerRespawn_Stereo_Cue.uasset" 213
"../../../../Projects/Martian/Content/Sounds/Music/ShooterGame_Music.uasset" 214
"../../../../Projects/Martian/Content/Sounds/Music/ShooterGame_Music_Cue.uasset" 215
"../../../../Projects/Martian/Content/Sounds/Music/ShooterGame_Music_Intro.uasset" 216
"../../../../Projects/Martian/Content/Sounds/Music/ShooterGame_Music_Intro_Cue.uasset" 217
"../../../../Projects/Martian/Content/Sounds/Stingers/Stereo/StingerPickup_Health02_Stereo.uasset" 218
"../../../../Projects/Martian/Content/Sounds/Stingers/Stereo/StingerPickup_Health01_Stereo.uasset" 219
"../../../../Projects/Martian/Content/Sounds/Stingers/Mono/StingerPickup_Health02.uasset" 220
"../../../../Projects/Martian/Content/Sounds/Stingers/Mono/StingerPickup_Health01.uasset" 221
"../../../../Projects/Martian/Content/Sounds/Stingers/Mono/StingerPickup_Health_Cue.uasset" 222
"../../../../Projects/Martian/Content/Sounds/Stingers/Stereo/Stinger_PlayerDeath02_Stereo.uasset" 223
"../../../../Projects/Martian/Content/Sounds/FoleyFlesh/Stereo/FoleyFlesh_Gib06_Stereo.uasset" 224
"../../../../Projects/Martian/Content/Sounds/FoleyFlesh/Stereo/FoleyFlesh_Gib05_Stereo.uasset" 225
"../../../../Projects/Martian/Content/Sounds/Stingers/Stereo/Stinger_PlayerDeath_Stereo_Cue.uasset" 226
"../../../../Projects/Martian/Content/Sounds/Weapon_AssaultRifle/Stereo/Weapon_AssaultRifle_Swap03_Stereo.uasset" 227
"../../../../Projects/Martian/Content/Sounds/Weapon_AssaultRifle/Stereo/Weapon_AssaultRifle_Swap02_Stereo.uasset" 228
"../../../../Projects/Martian/Content/Sounds/Weapon_AssaultRifle/Stereo/Weapon_AssaultRifle_Swap01_Stereo.uasset" 229
"../../../../Projects/Martian/Content/Sounds/Weapon_AssaultRifle/Stereo/AssaultRifle_Equip_Stereo_Cue.uasset" 230
"../../../../Projects/Martian/Content/Sounds/Weapon_AssaultRifle/Stereo/Weapon_AssaultRifle_Reload03_Stereo.uasset" 231
"../../../../Projects/Martian/Content/Sounds/Weapon_AssaultRifle/Stereo/Weapon_AssaultRifle_Reload02_Stereo.uasset" 232
"../../../../Projects/Martian/Content/Sounds/Weapon_AssaultRifle/Stereo/Weapon_AssaultRifle_Reload01_Stereo.uasset" 233
"../../../../Projects/Martian/Content/Sounds/Weapon_AssaultRifle/Stereo/AssaultRifle_Reload_Stereo_Cue.uasset" 234
"../../../../Projects/Martian/Content/Sounds/Weapon_AssaultRifle/Stereo/AssaultRifle_Shot01_Stereo.uasset" 235
"../../../../Projects/Martian/Content/Sounds/Weapon_AssaultRifle/Stereo/AssaultRifle_Shot02_Stereo.uasset" 236
"../../../../Projects/Martian/Content/Sounds/Weapon_AssaultRifle/Stereo/AssaultRifle_Shot03_Stereo.uasset" 237
"../../../../Projects/Martian/Content/Sounds/Weapon_AssaultRifle/Stereo/AssaultRifle_Shot04_Stereo.uasset" 238
"../../../../Projects/Martian/Content/Sounds/Weapon_AssaultRifle/Stereo/AssaultRifle_Shot05_Stereo.uasset" 239
"../../../../Projects/Martian/Content/Sounds/Weapon_AssaultRifle/Stereo/AssaultRifle_Shot06_Stereo.uasset" 240
"../../../../Projects/Martian/Content/Sounds/Weapon_AssaultRifle/Stereo/Weapon_AssaultRifle_AmmoPickup01_Stereo.uasset" 241
"../../../../Projects/Martian/Content/Sounds/Weapon_AssaultRifle/Stereo/Weapon_AssaultRifle_AmmoPickup02_Stereo.uasset" 242
"../../../../Projects/Martian/Content/Sounds/Weapon_AssaultRifle/Stereo/Weapon_AssaultRifle_AmmoPickup03_Stereo.uasset" 243
"../../../../Projects/Martian/Content/Sounds/Weapon_AssaultRifle/Stereo/Weapon_AssaultRifle_Empty01_Stereo.uasset" 244
"../../../../Projects/Martian/Content/Sounds/Weapon_AssaultRifle/Stereo/Weapon_AssaultRifle_Empty02_Stereo.uasset" 245
"../../../../Projects/Martian/Content/Sounds/Weapon_AssaultRifle/Stereo/Weapon_AssaultRifle_Empty03_Stereo.uasset" 246
"../../../../Projects/Martian/Content/UI/HSStructure.uasset" 247
"../../../../Projects/Martian/Content/Blueprints/GameMode/HighscoreSaveGame.uasset" 248
"../../../../Projects/Martian/Content/Blueprints/MyGameInstance.uasset" 249
"../../../../Projects/Martian/Content/UI/Menu/Name_Loading.uasset" 250
"../../../Engine/Content/EditorBlueprintResources/StandardMacros.uasset" 251
"../../../../Projects/Martian/Content/UI/EntryWidget.uasset" 252
"../../../../Projects/Martian/Content/Database/HighScoreStruct.uasset" 253
"../../../../Projects/Martian/Content/UI/Menu/Highscores.uasset" 254
"../../../../Projects/Martian/Content/Sounds/InterfaceAudio/Stereo/MenuExit_Stereo.uasset" 255
"../../../../Projects/Martian/Content/Sounds/InterfaceAudio/Stereo/MenuExitStereo_Cue.uasset" 256
"../../../../Projects/Martian/Content/Sounds/InterfaceAudio/Stereo/MenuCursor01_Stereo.uasset" 257
"../../../../Projects/Martian/Content/UI/Menu/MainMenu.uasset" 258
"../../../../Projects/Martian/Content/UI/MainMenu.uasset" 259
"../../../Engine/Content/Functions/MaterialLayerFunctions/MatLayerBlend_Emissive.uasset" 260
"../../../Engine/Content/Functions/MaterialLayerFunctions/MatLayerBlend_RoughnessOverride.uasset" 261
"../../../Engine/Content/Functions/MaterialLayerFunctions/MatLayerBlend_Decal.uasset" 262
"../../../../Projects/Martian/Content/Weapons/MaterialLayers/T_Rubber.uasset" 263
"../../../../Projects/Martian/Content/Weapons/MaterialLayers/ML_Rubber.uasset" 264
"../../../../Projects/Martian/Content/Weapons/MaterialLayers/T_PaintedMetal02.uasset" 265
"../../../../Projects/Martian/Content/Weapons/MaterialLayers/T_PaintedMetal01_N.uasset" 266
"../../../../Projects/Martian/Content/Weapons/MaterialLayers/ML_Paint.uasset" 267
"../../../../Projects/Martian/Content/Weapons/MaterialLayers/T_Metal_Metal02_D.uasset" 268
"../../../../Projects/Martian/Content/Weapons/MaterialLayers/ML_Metal_Gray.uasset" 269
"../../../../Projects/Martian/Content/Weapons/MaterialLayers/T_ExampleLayers_Metal02_N.uasset" 270
"../../../../Projects/Martian/Content/Weapons/MaterialLayers/ML_Metal_Copper.uasset" 271
"../../../../Projects/Martian/Content/Weapons/MaterialLayers/ML_BoltMetal.uasset" 272
"../../../../Projects/Martian/Content/Weapons/Textures/MagGunT2_shade.uasset" 273
"../../../../Projects/Martian/Content/Weapons/Textures/MagGunT2_section.uasset" 274
"../../../../Projects/Martian/Content/Weapons/Textures/MagGun_Display_EM.uasset" 275
"../../../../Projects/Martian/Content/Weapons/Textures/MagGun_Decals.uasset" 276
"../../../../Projects/Martian/Content/Weapons/Textures/MagGun_02_N.uasset" 277
"../../../../Projects/Martian/Content/Weapons/Materials/MagGun_MatB.uasset" 278
"../../../../Projects/Martian/Content/Weapons/Materials/MagGun_MatB_Inst3.uasset" 279
"../../../Engine/Content/EngineMaterials/T_Default_Material_Grid_N.uasset" 280
"../../../Engine/Content/EngineMaterials/T_Default_Material_Grid_M.uasset" 281
"../../../Engine/Content/Functions/Engine_MaterialFunctions01/Opacity/CameraDepthFade.uasset" 282
"../../../Engine/Content/EngineMaterials/WorldGridMaterial.uasset" 283
"../../../Engine/Content/ArtTools/RenderToTexture/Meshes/S_1_Unit_Plane.uasset" 284
"../../../Engine/Content/EngineMaterials/DefaultMaterial.uasset" 285
"../../../Engine/Content/BasicShapes/Cone.uasset" 286
"../../../Engine/Content/BasicShapes/Cube.uasset" 287
"../../../Engine/Content/BasicShapes/Plane.uasset" 288
"../../../Engine/Content/BasicShapes/Sphere.uasset" 289
"../../../Engine/Content/EditorLandscapeResources/DataLayer.uasset" 290
"../../../Engine/Content/EditorLandscapeResources/DefaultAlphaTexture.uasset" 291
"../../../Engine/Content/EditorMaterials/MAT_Groups_Toggle.uasset" 292
"../../../Engine/Content/EditorMaterials/MAT_Groups_Visibility.uasset" 293
"../../../Engine/Content/EditorMaterials/PreviewShadowIndicator.uasset" 294
"../../../Engine/Content/EditorMaterials/PreviewShadowIndicatorMaterial.uasset" 295
"../../../Engine/Content/EditorMaterials/MatineeGroups/MAT_ColorTrack.uasset" 296
"../../../Engine/Content/EditorMaterials/MatineeGroups/MAT_Groups_Anim.uasset" 297
"../../../Engine/Content/EditorMaterials/MatineeGroups/MAT_Groups_AudioMaster.uasset" 298
"../../../Engine/Content/EditorMaterials/MatineeGroups/MAT_Groups_Director.uasset" 299
"../../../Engine/Content/EditorMaterials/MatineeGroups/MAT_Groups_Event.uasset" 300
"../../../Engine/Content/EditorMaterials/MatineeGroups/MAT_Groups_Fade.uasset" 301
"../../../Engine/Content/EditorMaterials/MatineeGroups/MAT_Groups_Float.uasset" 302
"../../../Engine/Content/EditorMaterials/MatineeGroups/MAT_Groups_Move.uasset" 303
"../../../Engine/Content/EditorMaterials/MatineeGroups/MAT_Groups_Slomo.uasset" 304
"../../../Engine/Content/EditorMaterials/MatineeGroups/MAT_Groups_Sound.uasset" 305
"../../../Engine/Content/EditorMaterials/MatineeGroups/MAT_Groups_Vector.uasset" 306
"../../../Engine/Content/EditorMaterials/ParticleSystems/PSysThumbnail_NoImage.uasset" 307
"../../../Engine/Content/EditorMaterials/ParticleSystems/PSysThumbnail_OOD.uasset" 308
"../../../Engine/Content/EditorMaterials/Camera/CineMat.uasset" 309
"../../../Engine/Content/EditorMaterials/Camera/MI_CineMat_Rig.uasset" 310
"../../../Engine/Content/EditorMeshes/Camera/SM_CraneRig_Arm.uasset" 311
"../../../Engine/Content/EditorMeshes/Camera/SM_CraneRig_Base.uasset" 312
"../../../Engine/Content/EditorMeshes/Camera/SM_CraneRig_Body.uasset" 313
"../../../Engine/Content/EditorMeshes/Camera/SM_CraneRig_Mount.uasset" 314
"../../../Engine/Content/EditorMeshes/Camera/SM_RailRig_Mount.uasset" 315
"../../../Engine/Content/EditorMeshes/Camera/SM_RailRig_Track.uasset" 316
"../../../Engine/Content/EditorResources/BSPVertex.uasset" 317
"../../../Engine/Content/EditorResources/EmptyActor.uasset" 318
"../../../Engine/Content/EditorResources/S_Actor.uasset" 319
"../../../Engine/Content/EditorResources/S_Note.uasset" 320
"../../../Engine/Content/EditorResources/S_Solver.uasset" 321
"../../../Engine/Content/EditorResources/S_Terrain.uasset" 322
"../../../Engine/Content/EditorResources/S_Trigger.uasset" 323
"../../../Engine/Content/EditorResources/SequenceRecorder/Countdown.uasset" 324
"../../../Engine/Content/EditorResources/SequenceRecorder/RecordingIndicator.uasset" 325
"../../../Engine/Content/EngineDamageTypes/DmgTypeBP_Environmental.uasset" 326
"../../../Engine/Content/EngineDebugMaterials/DebugEditorMaterial.uasset" 327
"../../../Engine/Content/EngineDebugMaterials/DebugMeshMaterial.uasset" 328
"../../../Engine/Content/EngineDebugMaterials/M_SimpleUnlitTranslucent.uasset" 329
"../../../Engine/Content/EngineDebugMaterials/VolumeToRender.uasset" 330
"../../../Engine/Content/Functions/Engine_MaterialFunctions02/Utility/CameraDirectionVector.uasset" 331
"../../../Engine/Content/EngineDebugMaterials/M_VolumeRenderSphereTracePP.uasset" 332
"../../../Engine/Content/Functions/Engine_MaterialFunctions01/Shading/ConvertFromDiffSpec.uasset" 333
"../../../Engine/Content/EngineDebugMaterials/VertexColorMaterial.uasset" 334
"../../../Engine/Content/EngineDebugMaterials/WireframeMaterial.uasset" 335
"../../../Engine/Content/EngineFonts/Faces/RobotoRegular.uasset" 336
"../../../Engine/Content/EngineFonts/Faces/RobotoLight.uasset" 337
"../../../Engine/Content/EngineFonts/Faces/RobotoItalic.uasset" 338
"../../../Engine/Content/EngineFonts/Faces/RobotoBoldItalic.uasset" 339
"../../../Engine/Content/EngineFonts/Faces/RobotoBold.uasset" 340
"../../../Engine/Content/EngineFonts/Faces/DroidSansFallback.uasset" 341
"../../../Engine/Content/EngineFonts/Roboto.uasset" 342
"../../../Engine/Content/EngineMaterials/BaseFlattenNormalMap.uasset" 343
"../../../Engine/Content/EngineMaterials/BaseFlattenGrayscaleMap.uasset" 344
"../../../Engine/Content/EngineMaterials/BaseFlattenEmissiveMap.uasset" 345
"../../../Engine/Content/EngineMaterials/BaseFlattenDiffuseMap.uasset" 346
"../../../Engine/Content/EngineMaterials/BaseFlattenMaterial.uasset" 347
"../../../Engine/Content/EngineMaterials/BlueNoise.uasset" 348
"../../../Engine/Content/EngineMaterials/DefaultBloomKernel.uasset" 349
"../../../Engine/Content/EngineMaterials/DefaultBokeh.uasset" 350
"../../../Engine/Content/EngineMaterials/DefaultDiffuse.uasset" 351
"../../../Engine/Content/EngineMaterials/DefaultDeferredDecalMaterial.uasset" 352
"../../../Engine/Content/EngineMaterials/DefaultLightFunctionMaterial.uasset" 353
"../../../Engine/Content/Functions/Engine_MaterialFunctions02/Utility/BreakOutFloat2Components.uasset" 354
"../../../Engine/Content/EngineMaterials/DefaultPostProcessMaterial.uasset" 355
"../../../Engine/Content/EngineFonts/RobotoDistanceField.uasset" 356
"../../../Engine/Content/EngineMaterials/DefaultTextMaterialOpaque.uasset" 357
"../../../Engine/Content/EngineMaterials/DefaultWhiteGrid.uasset" 358
"../../../Engine/Content/EngineMaterials/DefaultWhiteGrid_Low.uasset" 359
"../../../Engine/Content/EngineMaterials/EmissiveMeshMaterial.uasset" 360
"../../../Engine/Content/EngineMaterials/GizmoMaterial.uasset" 361
"../../../Engine/Content/EngineMaterials/Good64x64TilingNoiseHighFreq.uasset" 362
"../../../Engine/Content/EngineMaterials/MiniFont.uasset" 363
"../../../Engine/Content/EngineMaterials/InvalidLightmapSettings.uasset" 364
"../../../Engine/Content/EngineMaterials/M_InvalidLightmapSettings.uasset" 365
"../../../Engine/Content/Functions/Engine_MaterialFunctions02/WorldPositionOffset/CameraOffset.uasset" 366
"../../../Engine/Content/EngineMaterials/PhAT_JointLimitMaterial.uasset" 367
"../../../Engine/Content/EngineMaterials/PreintegratedSkinBRDF.uasset" 368
"../../../Engine/Content/EngineMaterials/RemoveSurfaceMaterial.uasset" 369
"../../../Engine/Content/EngineMaterials/WeightMapPlaceholderTexture.uasset" 370
"../../../Engine/Content/EngineResources/WhiteSquareTexture.uasset" 371
"../../../Engine/Content/EngineMaterials/Widget3DPassThrough.uasset" 372
"../../../Engine/Content/EngineMaterials/Widget3DPassThrough_Masked.uasset" 373
"../../../Engine/Content/EngineMaterials/Widget3DPassThrough_Opaque.uasset" 374
"../../../Engine/Content/EngineMaterials/Widget3DPassThrough_Masked_OneSided.uasset" 375
"../../../Engine/Content/EngineMaterials/Widget3DPassThrough_Opaque_OneSided.uasset" 376
"../../../Engine/Content/EngineMaterials/Widget3DPassThrough_Translucent.uasset" 377
"../../../Engine/Content/EngineMaterials/Widget3DPassThrough_Translucent_OneSided.uasset" 378
"../../../Engine/Content/EngineMeshes/Cylinder.uasset" 379
"../../../Engine/Content/EngineMeshes/Sphere.uasset" 380
"../../../Engine/Content/EngineResources/Black.uasset" 381
"../../../Engine/Content/EngineResources/DefaultTextureCube.uasset" 382
"../../../Engine/Content/EngineResources/DefaultVolumeTexture2D.uasset" 383
"../../../Engine/Content/EngineResources/DefaultVolumeTexture.uasset" 384
"../../../Engine/Content/EngineResources/GradientTexture0.uasset" 385
"../../../Engine/Content/EngineSky/VolumetricClouds/T_NoiseShape64.uasset" 386
"../../../Engine/Content/EngineSky/VolumetricClouds/T_VolumeNoiseShape64.uasset" 387
"../../../Engine/Content/EngineSky/VolumetricClouds/T_NoiseErosion.uasset" 388
"../../../Engine/Content/EngineSky/VolumetricClouds/T_VolumeNoiseErosion32.uasset" 389
"../../../Engine/Content/EngineSky/VolumetricClouds/CloudWeatherTexture.uasset" 390
"../../../Engine/Content/EngineSky/VolumetricClouds/CloudGradientTexture.uasset" 391
"../../../Engine/Content/Functions/Engine_MaterialFunctions02/Utility/MakeFloat2.uasset" 392
"../../../Engine/Content/EngineSky/VolumetricClouds/m_SimpleVolumetricCloud.uasset" 393
"../../../Engine/Content/EngineSky/VolumetricClouds/m_SimpleVolumetricCloud_Inst.uasset" 394
"../../../Engine/Content/EngineSounds/Master.uasset" 395
"../../../Engine/Content/Functions/Engine_MaterialFunctions01/Shading/PowerToRoughness.uasset" 396
"../../../Engine/Content/Maps/Templates/Thumbnails/Default.uasset" 397
"../../../Engine/Content/Maps/Templates/Thumbnails/TimeOfDay.uasset" 398
"../../../Engine/Content/Maps/Templates/Thumbnails/VR-Basic.uasset" 399
"../../../Engine/Content/MobileResources/T_MobileControls_texture.uasset" 400
"../../../Engine/Content/MobileResources/T_MobileMenu2.uasset" 401
"../../../Engine/Content/MobileResources/HUD/AnalogHat.uasset" 402
"../../../Engine/Content/MobileResources/HUD/VirtualJoystick_Thumb.uasset" 403
"../../../Engine/Content/MobileResources/HUD/VirtualJoystick_Background.uasset" 404
"../../../Engine/Content/MobileResources/HUD/DefaultVirtualJoysticks.uasset" 405
"../../../Engine/Content/MobileResources/HUD/LeftVirtualJoystickOnly.uasset" 406
"../../../Engine/Content/MobileResources/HUD/MobileHUDButton1_off.uasset" 407
"../../../Engine/Content/MobileResources/HUD/MobileHUDButton1_on.uasset" 408
"../../../Engine/Content/MobileResources/HUD/MobileHUDButton2_off.uasset" 409
"../../../Engine/Content/MobileResources/HUD/MobileHUDButton2_on.uasset" 410
"../../../Engine/Content/MobileResources/HUD/MobileHUDButton3.uasset" 411
"../../../Engine/Content/MobileResources/HUD/MobileHUDButtonFire.uasset" 412
"../../../Engine/Content/MobileResources/HUD/MobileHUDDirectionPad.uasset" 413
"../../../Engine/Content/MobileResources/HUD/MobileHUDDirectionPad2.uasset" 414
"../../../Engine/Content/MobileResources/HUD/MobileHUDDirectionPad3.uasset" 415
"../../../Engine/Content/MobileResources/HUD/MobileHUDDirectionStick.uasset" 416
"../../../Engine/Content/MobileResources/HUD/T_Castle_ThumbstickInner.uasset" 417
"../../../Engine/Content/MobileResources/HUD/T_Castle_ThumbstickOutter.uasset" 418
"../../../Engine/Content/Tutorial/ContentIntroCurve.uasset" 419
"../../../Engine/Content/Tutorial/Basics/LevelEditorAttract.uasset" 420
"../../../Engine/Content/Tutorial/Basics/TutorialAssets/icon_tab_Levels_40x.uasset" 421
"../../../Engine/Content/Tutorial/Basics/LevelEditorOverview.uasset" 422
"../../../Engine/Content/Tutorial/BlueprintTutorials/TutorialAssets/Blueprint_64x.uasset" 423
"../../../Engine/Content/Tutorial/BlueprintTutorials/BlueprintEditorTutorial.uasset" 424
"../../../Engine/Content/Tutorial/Landscape/TutorialAssets/Landscape.uasset" 425
"../../../Engine/Content/Tutorial/Landscape/LandscapeWalkThrough.uasset" 426
"../../../Engine/Content/Tutorial/Landscape/Landscape_Manage_Mode.uasset" 427
"../../../Engine/Content/Tutorial/Landscape/Landscape_Painting_Mode.uasset" 428
"../../../Engine/Content/Tutorial/Landscape/Landscape_Sculpt_Mode.uasset" 429
"../../../Engine/Content/VREditor/LaserPointer/VR_LaserPower_01.uasset" 430
"../../../Engine/Content/VREditor/TransformGizmo/TransformGizmoMaterial.uasset" 431
"../../../Engine/Content/VREditor/TransformGizmo/TranslucentTransformGizmoMaterial.uasset" 432
"../../../Engine/Content/VREditor/TransformGizmo/BoundingBoxCorner.uasset" 433
"../../../Engine/Content/VREditor/TransformGizmo/BoundingBoxEdge.uasset" 434
"../../../Engine/Content/VREditor/TransformGizmo/PlaneTranslationHandle.uasset" 435
"../../../Engine/Content/VREditor/TransformGizmo/Xray.uasset" 436
"../../../Engine/Content/VREditor/TransformGizmo/Main.uasset" 437
"../../../Engine/Content/VREditor/TransformGizmo/SM_Sequencer_Key.uasset" 438
"../../../Engine/Content/VREditor/TransformGizmo/SM_Sequencer_Node.uasset" 439
"../../Plugins/2D/Paper2D/Content/PlaceholderTextures/DummySpriteTexture.uasset" 440
"../../Plugins/2D/Paper2D/Content/DummySprite.uasset" 441
"../../Plugins/2D/Paper2D/Content/DefaultPaperTerrainMaterial.uasset" 442
"../../Plugins/2D/Paper2D/Content/DefaultSpriteMaterial.uasset" 443
"../../Plugins/2D/Paper2D/Content/MaskedUnlitSpriteMaterial.uasset" 444
"../../Plugins/2D/Paper2D/Content/OpaqueUnlitSpriteMaterial.uasset" 445
"../../../Engine/Content/Functions/Engine_MaterialFunctions02/ObjectLocalBounds.uasset" 446
"../../../Engine/Content/Functions/Engine_MaterialFunctions02/Utility/BreakOutFloat3Components.uasset" 447
"../../Plugins/Editor/SpeedTreeImporter/Content/SpeedTree9/UnpackInteger3.uasset" 448
"../../Plugins/Editor/SpeedTreeImporter/Content/SpeedTree9/UnpackDirection.uasset" 449
"../../Plugins/Editor/SpeedTreeImporter/Content/SpeedTree9/game_wind_noise.uasset" 450
"../../../Engine/Content/Functions/Engine_MaterialFunctions02/SafeNormalize.uasset" 451
"../../Plugins/Editor/SpeedTreeImporter/Content/SpeedTree9/SpeedTreeWindMotion.uasset" 452
"../../Plugins/Editor/SpeedTreeImporter/Content/SpeedTree9/SpeedTreeBranchMotion.uasset" 453
"../../../Engine/Content/Functions/Engine_MaterialFunctions02/UVs/BoundingBoxBased_0-1_UVW.uasset" 454
"../../Plugins/Editor/SpeedTreeImporter/Content/SpeedTree9/SpeedTreeWind.uasset" 455
"../../Plugins/Editor/SpeedTreeImporter/Content/SpeedTree9/SpeedTreeBillboard.uasset" 456
"../../../Engine/Content/EngineResources/DefaultTexture.uasset" 457
"../../Plugins/Editor/SpeedTreeImporter/Content/SpeedTree9/SpeedTreeBillboardMaster.uasset" 458
"../../Plugins/Editor/SpeedTreeImporter/Content/SpeedTree9/SpeedTreeCameraFacing.uasset" 459
"../../Plugins/Editor/SpeedTreeImporter/Content/SpeedTree9/SpeedTreeMaster.uasset" 460
"../../../Engine/Content/ArtTools/RenderToTexture/Materials/Debug/M_Emissive_Color.uasset" 461
"../../../Engine/Content/BasicShapes/Cylinder.uasset" 462
"../../Plugins/Lumin/MagicLeapPassableWorld/Content/MagicLeapARPinInfoActor.uasset" 463
"../../../Engine/Content/Functions/Engine_MaterialFunctions02/Utility/BreakOutFloat4Components.uasset" 464
"../../../Engine/Content/Functions/Engine_MaterialFunctions02/Utility/MakeFloat3.uasset" 465
"../../Plugins/Runtime/Oculus/OculusVR/Content/Materials/OculusMR_ChromaKey.uasset" 466
"../../Plugins/Runtime/Oculus/OculusVR/Content/Materials/OculusMR_OpaqueColoredMaterial.uasset" 467
"../../Plugins/Runtime/Oculus/OculusVR/Content/Materials/PokeAHoleMaterial.uasset" 468
"../../../Engine/Content/Animation/DefaultAnimCurveCompressionSettings.uasset" 469
"../../../Engine/Content/Animation/DefaultAnimBoneCompressionSettings.uasset" 470
"../../../../Projects/Martian/Content/Characters/Enemy_Great_Spider/Animations/ExoGame_Greater_Spider_Walk_Fwd.uasset" 471
"../../../../Projects/Martian/Content/Characters/Enemy_Great_Spider/Animations/ExoGame_Greater_Spider_Idle.uasset" 472
"../../../../Projects/Martian/Content/Sounds/FoleyFlesh/Mono/FoleyFlesh_Gib06.uasset" 473
"../../../../Projects/Martian/Content/Sounds/FoleyFlesh/Mono/FoleyFlesh_Gib05.uasset" 474
"../../../../Projects/Martian/Content/Sounds/FoleyFlesh/Mono/FoleyFlesh_Gib04.uasset" 475
"../../../../Projects/Martian/Content/Sounds/FoleyFlesh/Mono/FoleyFlesh_Gib03.uasset" 476
"../../../../Projects/Martian/Content/Sounds/FoleyFlesh/Mono/FoleyFlesh_Gib02.uasset" 477
"../../../../Projects/Martian/Content/Sounds/FoleyFlesh/Mono/FoleyFlesh_Gib01.uasset" 478
"../../../../Projects/Martian/Content/Sounds/FoleyFlesh/Mono/FoleyFlesh_Gib_Cue.uasset" 479
"../../../../Projects/Martian/Content/Characters/Enemy_Great_Spider/Animations/ExoGame_Greater_Spider_Death.uasset" 480
"../../../../Projects/Martian/Content/Characters/Marine/Animations/Run_Rt.uasset" 481
"../../../../Projects/Martian/Content/Characters/Marine/Animations/Run_Lt.uasset" 482
"../../../../Projects/Martian/Content/Characters/Marine/Animations/Run_Fwd.uasset" 483
"../../../../Projects/Martian/Content/Characters/Marine/Animations/Run_Bwd.uasset" 484
"../../../../Projects/Martian/Content/Characters/Marine/Animations/Idle.uasset" 485
"../../../../Projects/Martian/Content/Characters/Marine/Animations/BlendSpace.uasset" 486
"../../../../Projects/Martian/Content/Characters/Marine/Animations/Death.uasset" 487
"../../../../Projects/Martian/Content/Characters/Marine/Animations/AnimBP_Movement.uasset" 488
"../../../../Projects/Martian/Content/Characters/Enemy_Great_Spider/Textures/T_Enemy_GreaterSpider_Fire_D.uasset" 489
"../../../../Projects/Martian/Content/Characters/Enemy_Great_Spider/Materials/CharM_Greater_Spider.uasset" 490
"../../../../Projects/Martian/Content/Characters/Enemy_Great_Spider/SK_Greater_Spider.uasset" 491
"../../../../Projects/Martian/Content/Characters/Enemy_Great_Spider/Animations/ExoGame_Greater_Spider_Attack_Melee_B.uasset" 492
"../../../../Projects/Martian/Content/Characters/Enemy_Great_Spider/Animations/SpiderAttack1.uasset" 493
"../../../../Projects/Martian/Content/Blueprints/AI/BPALien.uasset" 494
"../../../../Projects/Martian/Content/Blueprints/GameMode/BP_Gamemode.uasset" 495
"../../../../Projects/Martian/Content/Characters/Marine/Marine_PhysicsAsset.uasset" 496
"../../../../Projects/Martian/Content/Characters/Marine/Marine.uasset" 497
"../../../../Projects/Martian/Content/Effects/Weapons/Impacts/P_AssaultRifle_IH.uasset" 498
"../../../../Projects/Martian/Content/Effects/Misc/Meshes/Weapon/SM_MuzzleCone.uasset" 499
"../../../../Projects/Martian/Content/Effects/Misc/Textures/Weapon/T_muzzle_flashes.uasset" 500
"../../../../Projects/Martian/Content/Effects/Misc/Materials/Weapon/M_muzzle_flash_subUV.uasset" 501
"../../../../Projects/Martian/Content/Effects/Misc/Textures/Noise/T_TileNoise.uasset" 502
"../../../../Projects/Martian/Content/Effects/Misc/Textures/Mask/T_SquareMaskTightEdge.uasset" 503
"../../../Engine/Content/Functions/Engine_MaterialFunctions01/Gradient/LinearGradient.uasset" 504
"../../../../Projects/Martian/Content/Effects/Misc/Materials/Weapon/M_MuzzleGlow.uasset" 505
"../../../../Projects/Martian/Content/Effects/Misc/Materials/Smoke/M_SmokeBall.uasset" 506
"../../../Engine/Content/Functions/Engine_MaterialFunctions01/Gradient/RadialGradient.uasset" 507
"../../../../Projects/Martian/Content/Effects/Misc/Materials/Ramp/M_SoftGradient_Muzzle.uasset" 508
"../../../../Projects/Martian/Content/Effects/Misc/Textures/LensFlare/T_Lensflare_01.uasset" 509
"../../../../Projects/Martian/Content/Effects/Misc/Materials/LensFlare/M_Lensflare_01.uasset" 510
"../../../../Projects/Martian/Content/Effects/Weapons/Muzzle/P_AssaultRifle_MF.uasset" 511
"../../../../Projects/Martian/Content/Sounds/Weapon_AssaultRifle/Stereo/AssaultRifle_ShotEnd06_Stereo.uasset" 512
"../../../../Projects/Martian/Content/Sounds/Weapon_AssaultRifle/Stereo/AssaultRifle_ShotEnd05_Stereo.uasset" 513
"../../../../Projects/Martian/Content/Sounds/Weapon_AssaultRifle/Stereo/AssaultRifle_ShotEnd04_Stereo.uasset" 514
"../../../../Projects/Martian/Content/Sounds/Weapon_AssaultRifle/Stereo/AssaultRifle_ShotEnd03_Stereo.uasset" 515
"../../../../Projects/Martian/Content/Sounds/Weapon_AssaultRifle/Stereo/AssaultRifle_ShotEnd02_Stereo.uasset" 516
"../../../../Projects/Martian/Content/Sounds/Weapon_AssaultRifle/Stereo/AssaultRifle_ShotEnd01_Stereo.uasset" 517
"../../../../Projects/Martian/Content/Sounds/Weapon_AssaultRifle/Stereo/RifleEndCue.uasset" 518
"../../../../Projects/Martian/Content/Sounds/Weapon_AssaultRifle/Stereo/AssaultRifle_ShotLoop03_Stereo.uasset" 519
"../../../../Projects/Martian/Content/Sounds/Weapon_AssaultRifle/Stereo/AssaultRifle_ShotLoop02_Stereo.uasset" 520
"../../../../Projects/Martian/Content/Sounds/Weapon_AssaultRifle/Stereo/AssaultRifle_ShotLoop01_Stereo.uasset" 521
"../../../../Projects/Martian/Content/Sounds/Weapon_AssaultRifle/Stereo/RifleSoundCue.uasset" 522
"../../../../Projects/Martian/Content/UI/Menu/PauseMenu.uasset" 523
"../../../../Projects/Martian/Content/Weapons/Rifle_Skeleton.uasset" 524
"../../../../Projects/Martian/Content/Weapons/Textures/SightLens_maskB.uasset" 525
"../../../../Projects/Martian/Content/Weapons/Textures/SightLens_maskA.uasset" 526
"../../../../Projects/Martian/Content/Characters/Marine/Textures/holo_layer_1_5.uasset" 527
"../../../../Projects/Martian/Content/Weapons/Materials/MagGun_SightLens_Mat.uasset" 528
"../../../../Projects/Martian/Content/Weapons/Materials/MagGun_SightLens_Mat_Inst.uasset" 529
"../../../../Projects/Martian/Content/Weapons/Materials/MagGun_MatB_Inst2.uasset" 530
"../../../../Projects/Martian/Content/Weapons/Textures/MagGunT1_shade.uasset" 531
"../../../../Projects/Martian/Content/Weapons/Textures/MagGunT1_section.uasset" 532
"../../../../Projects/Martian/Content/Weapons/Textures/MagGun_01_N.uasset" 533
"../../../../Projects/Martian/Content/Weapons/Materials/MagGun_MatA.uasset" 534
"../../../../Projects/Martian/Content/Weapons/Materials/MagGun_MatA_Inst3.uasset" 535
"../../../../Projects/Martian/Content/Weapons/Rifle.uasset" 536
"../../../../Projects/Martian/Content/Characters/Marine/Materials/M_Marine_Inst.uasset" 537
"../../../../Projects/Martian/Content/UI/Textures/MarinePortrait.uasset" 538
"../../../../Projects/Martian/Content/UI/Textures/AttackerPortrait.uasset" 539
"../../../../Projects/Martian/Content/UI/W_PlayerHud.uasset" 540
"../../../../Projects/Martian/Content/UI/DeathScreen.uasset" 541
"../../../../Projects/Martian/Content/Blueprints/Pawns/BP_Character.uasset" 542
"../../../../Projects/Martian/Content/Characters/Enemy_Great_Spider/Animations/AnimBPSpider.uasset" 543
"../../../../Projects/Martian/Content/Blueprints/AI/BPALienForMenu.uasset" 544
"../../../../Projects/Martian/Content/Blueprints/Pawns/BP_CharacterForMenu.uasset" 545
"../../../../Projects/Martian/Content/Rocks/Textures/T_Rock_Sandstone_N.uasset" 546
"../../../../Projects/Martian/Content/Rocks/Textures/T_Rock_Sandstone_D.uasset" 547
"../../../../Projects/Martian/Content/Rocks/Textures/T_Perlin_Noise_M.uasset" 548
"../../../../Projects/Martian/Content/Rocks/Textures/T_MacroVariation.uasset" 549
"../../../../Projects/Martian/Content/Rocks/Textures/T_Ground_Gravel_N.uasset" 550
"../../../../Projects/Martian/Content/Rocks/Textures/T_Ground_Gravel_D.uasset" 551
"../../../../Projects/Martian/Content/Rocks/Materials/M_MarsRock.uasset" 552
"../../../../Projects/Martian/Content/Rocks/SM_Rock.uasset" 553
"../../../Engine/Content/EngineMaterials/DefaultPhysicalMaterial.uasset" 554
"../../../../Projects/Martian/Content/Rocks/Materials/M_Rock_Sandstone.uasset" 555
"../../../../Projects/Martian/Content/Levels/MainMenu.umap" 556
"../../../../Projects/Martian/Content/Levels/Mars_BuiltData.uasset" 557
"../../../../Projects/Martian/Content/Blueprints/Volumes/BP_MissionAreaVolume.uasset" 558
"../../../../Projects/Martian/Content/Effects/Misc/Meshes/Gameplay/Pickups/SM_Health.uasset" 559
"../../../../Projects/Martian/Content/Effects/Pick-ups/P_Health.uasset" 560
"../../../../Projects/Martian/Content/Blueprints/PickUps/BP_HealthPickup.uasset" 561
"../../../../Projects/Martian/Content/Levels/Mars.umap" 562
"../../../Engine/Content/Maps/Entry_BuiltData.uasset" 563
"../../../Engine/Content/Maps/Entry.umap" 564
